[2023-03-03,05:38:49:014][INFO ][(line:233)][Reporte]leerCabecera() --> INICIANDO LECTURA DE CABECERAS
[2023-03-03,05:38:49:017][INFO ][(line:234)][Reporte]leerCabecera() --> RUTA DE LECTURA DE ARCHIVO=[C:\Proyectos Java\GEPP\CSV\L2.csv]
[2023-03-03,05:38:49:020][INFO ][(line:253)][Reporte]leerCabecera() --> EL ARCHIVO CONTIENE INFORMACION=[738.0KB]
[2023-03-03,05:38:49:036][INFO ][(line:260)][Reporte]leerCabecera() -->  CONTENIDO DE CABECERAS ---> [[﻿inin-outbound-id, idBodega, nud, NOMBRE, TELUNO, TIPOTELUNO, TELDOS, TIPOTELDOS, TELTRES, TIPOTELTRES, TELCUATRO, TIPOTELCUATRO, FRECUENCIA, CORREO, CONTACTO, ruta, token, DIASINCOMPRA, marcador, appId, opcion, uq, INTENTOS_NUMERO_UNO, INTENTOS_NUMERO_DOS, INTENTOS_NUMERO_TRES, INTENTOS_NUMERO_CUATRO, INTENTOS_TOTAL, ContactCallable, ContactableByVoice, ContactableBySms, ContactableByEmail, ZipCodeAutomaticTimeZone, CallRecordLastAttempt-TELUNO, CallRecordLastResult-TELUNO, CallRecordLastAgentWrapup-TELUNO, SmsLastAttempt-TELUNO, SmsLastResult-TELUNO, Callable-TELUNO, ContactableByVoice-TELUNO, ContactableBySms-TELUNO, AutomaticTimeZone-TELUNO, CallRecordLastAttempt-TELDOS, CallRecordLastResult-TELDOS, CallRecordLastAgentWrapup-TELDOS, SmsLastAttempt-TELDOS, SmsLastResult-TELDOS, Callable-TELDOS, ContactableByVoice-TELDOS, ContactableBySms-TELDOS, AutomaticTimeZone-TELDOS]]
[2023-03-03,05:38:49:046][INFO ][(line:284)][Reporte]leerCabecera() --> RETORNANDO EL NUMERO DE CABECERAS -->[50]
[2023-03-03,05:38:49:046][INFO ][(line: 55)][Reporte]validarCabeceras() --> NUMERO DE CABECERAS OBTENIDAS ---> [50]
[2023-03-03,05:38:49:046][INFO ][(line: 59)][Reporte]validarCabeceras() --> EL NUMERO DE CABECERAS COINCIDE --> [50][50]
[2023-03-03,05:38:49:047][INFO ][(line: 68)][Reporte]validarCabeceras() --> LEYENDO LA INFORMACION DEL ARCHIVO--> [C:\Proyectos Java\GEPP\CSV\L2.csv]
[2023-03-03,05:38:49:996][INFO ][(line:120)][Reporte]validarCabeceras() --> NO SE ENCONTRARON MAS LINEAS PARA PROCESAR --> [0]
[2023-03-03,05:38:49:996][INFO ][(line:121)][Reporte]validarCabeceras() --> NUMERO DE LINEAS PROCESADAS  --> [2550], DESCARTADAS[2536], FILAS VACIAS[14]
[2023-03-03,05:38:50:005][INFO ][(line:152)][Reporte]validarCabeceras() --> NUMERO DE LINEAS IMPRESAS  --> [2536], RUTA DEL ARCHIVO LEIDO[C:\Proyectos Java\GEPP\CSV\linea.csv]
[2023-03-03,05:54:10:115][INFO ][(line:231)][Reporte]leerCabecera() --> INICIANDO LECTURA DE CABECERAS
[2023-03-03,05:54:10:119][INFO ][(line:232)][Reporte]leerCabecera() --> RUTA DE LECTURA DE ARCHIVO=[C:\Proyectos Java\GEPP\CSV\L2.csv]
[2023-03-03,05:54:10:122][INFO ][(line:251)][Reporte]leerCabecera() --> EL ARCHIVO CONTIENE INFORMACION=[738.0KB]
[2023-03-03,05:54:10:137][INFO ][(line:258)][Reporte]leerCabecera() -->  CONTENIDO DE CABECERAS ---> [[﻿inin-outbound-id, idBodega, nud, NOMBRE, TELUNO, TIPOTELUNO, TELDOS, TIPOTELDOS, TELTRES, TIPOTELTRES, TELCUATRO, TIPOTELCUATRO, FRECUENCIA, CORREO, CONTACTO, ruta, token, DIASINCOMPRA, marcador, appId, opcion, uq, INTENTOS_NUMERO_UNO, INTENTOS_NUMERO_DOS, INTENTOS_NUMERO_TRES, INTENTOS_NUMERO_CUATRO, INTENTOS_TOTAL, ContactCallable, ContactableByVoice, ContactableBySms, ContactableByEmail, ZipCodeAutomaticTimeZone, CallRecordLastAttempt-TELUNO, CallRecordLastResult-TELUNO, CallRecordLastAgentWrapup-TELUNO, SmsLastAttempt-TELUNO, SmsLastResult-TELUNO, Callable-TELUNO, ContactableByVoice-TELUNO, ContactableBySms-TELUNO, AutomaticTimeZone-TELUNO, CallRecordLastAttempt-TELDOS, CallRecordLastResult-TELDOS, CallRecordLastAgentWrapup-TELDOS, SmsLastAttempt-TELDOS, SmsLastResult-TELDOS, Callable-TELDOS, ContactableByVoice-TELDOS, ContactableBySms-TELDOS, AutomaticTimeZone-TELDOS]]
[2023-03-03,05:54:10:140][INFO ][(line:282)][Reporte]leerCabecera() --> RETORNANDO EL NUMERO DE CABECERAS -->[50]
[2023-03-03,05:54:10:140][INFO ][(line: 55)][Reporte]validarCabeceras() --> NUMERO DE CABECERAS OBTENIDAS ---> [50]
[2023-03-03,05:54:10:140][INFO ][(line: 59)][Reporte]validarCabeceras() --> EL NUMERO DE CABECERAS COINCIDE --> [50][50]
[2023-03-03,05:54:10:141][INFO ][(line: 68)][Reporte]validarCabeceras() --> LEYENDO LA INFORMACION DEL ARCHIVO--> [C:\Proyectos Java\GEPP\CSV\L2.csv]
[2023-03-03,05:54:11:464][INFO ][(line:120)][Reporte]validarCabeceras() --> NO SE ENCONTRARON MAS LINEAS PARA PROCESAR --> [0]
[2023-03-03,05:54:11:465][INFO ][(line:121)][Reporte]validarCabeceras() --> NUMERO DE LINEAS PROCESADAS  --> [2550], NUMERO DE FILAS VACIAS[14]
[2023-03-03,05:54:11:472][INFO ][(line:152)][Reporte]validarCabeceras() --> NUMERO DE LINEAS IMPRESAS  --> [2536], RUTA DEL ARCHIVO LEIDO[C:\Proyectos Java\GEPP\CSV\LM_Normalizada.csv]
[2023-03-03,05:55:14:873][INFO ][(line:231)][Reporte]leerCabecera() --> INICIANDO LECTURA DE CABECERAS
[2023-03-03,05:55:14:875][INFO ][(line:232)][Reporte]leerCabecera() --> RUTA DE LECTURA DE ARCHIVO=[C:\Proyectos Java\GEPP\CSV\LM_Genesys.csv]
[2023-03-03,05:55:14:877][INFO ][(line:251)][Reporte]leerCabecera() --> EL ARCHIVO CONTIENE INFORMACION=[738.0KB]
[2023-03-03,05:55:14:901][INFO ][(line:258)][Reporte]leerCabecera() -->  CONTENIDO DE CABECERAS ---> [[﻿inin-outbound-id, idBodega, nud, NOMBRE, TELUNO, TIPOTELUNO, TELDOS, TIPOTELDOS, TELTRES, TIPOTELTRES, TELCUATRO, TIPOTELCUATRO, FRECUENCIA, CORREO, CONTACTO, ruta, token, DIASINCOMPRA, marcador, appId, opcion, uq, INTENTOS_NUMERO_UNO, INTENTOS_NUMERO_DOS, INTENTOS_NUMERO_TRES, INTENTOS_NUMERO_CUATRO, INTENTOS_TOTAL, ContactCallable, ContactableByVoice, ContactableBySms, ContactableByEmail, ZipCodeAutomaticTimeZone, CallRecordLastAttempt-TELUNO, CallRecordLastResult-TELUNO, CallRecordLastAgentWrapup-TELUNO, SmsLastAttempt-TELUNO, SmsLastResult-TELUNO, Callable-TELUNO, ContactableByVoice-TELUNO, ContactableBySms-TELUNO, AutomaticTimeZone-TELUNO, CallRecordLastAttempt-TELDOS, CallRecordLastResult-TELDOS, CallRecordLastAgentWrapup-TELDOS, SmsLastAttempt-TELDOS, SmsLastResult-TELDOS, Callable-TELDOS, ContactableByVoice-TELDOS, ContactableBySms-TELDOS, AutomaticTimeZone-TELDOS]]
[2023-03-03,05:55:14:905][INFO ][(line:282)][Reporte]leerCabecera() --> RETORNANDO EL NUMERO DE CABECERAS -->[50]
[2023-03-03,05:55:14:905][INFO ][(line: 55)][Reporte]validarCabeceras() --> NUMERO DE CABECERAS OBTENIDAS ---> [50]
[2023-03-03,05:55:14:905][INFO ][(line: 59)][Reporte]validarCabeceras() --> EL NUMERO DE CABECERAS COINCIDE --> [50][50]
[2023-03-03,05:55:14:906][INFO ][(line: 68)][Reporte]validarCabeceras() --> LEYENDO LA INFORMACION DEL ARCHIVO--> [C:\Proyectos Java\GEPP\CSV\LM_Genesys.csv]
[2023-03-03,05:55:15:933][INFO ][(line:120)][Reporte]validarCabeceras() --> NO SE ENCONTRARON MAS LINEAS PARA PROCESAR --> [0]
[2023-03-03,05:55:15:933][INFO ][(line:121)][Reporte]validarCabeceras() --> NUMERO DE LINEAS PROCESADAS  --> [2550], NUMERO DE FILAS VACIAS[14]
[2023-03-03,05:55:15:939][INFO ][(line:152)][Reporte]validarCabeceras() --> NUMERO DE LINEAS IMPRESAS  --> [2536], RUTA DEL ARCHIVO LEIDO[C:\Proyectos Java\GEPP\CSV\LM_Normalizada.csv]
